This file contains any messages produced by compilers while
running configure, to aid debugging if configure makes a mistake.

It was created by configure, which was
generated by GNU Autoconf 2.61.  Invocation command line was

  $ ./configure 

## --------- ##
## Platform. ##
## --------- ##

hostname = raspberrypi
uname -m = armv6l
uname -r = 3.6.11+
uname -s = Linux
uname -v = #371 PREEMPT Thu Feb 7 16:31:35 GMT 2013

/usr/bin/uname -p = unknown
/bin/uname -X     = unknown

/bin/arch              = unknown
/usr/bin/arch -k       = unknown
/usr/convex/getsysinfo = unknown
/usr/bin/hostinfo      = unknown
/bin/machine           = unknown
/usr/bin/oslevel       = unknown
/bin/universe          = unknown

PATH: /usr/local/sbin
PATH: /usr/local/bin
PATH: /usr/sbin
PATH: /usr/bin
PATH: /sbin
PATH: /bin
PATH: /usr/local/games
PATH: /usr/games


## ----------- ##
## Core tests. ##
## ----------- ##

configure:2230: checking for gcc
configure:2246: found /usr/bin/gcc
configure:2257: result: gcc
configure:2495: checking for C compiler version
configure:2502: gcc --version >&5
gcc (Debian 4.6.3-14+rpi1) 4.6.3
Copyright (C) 2011 Free Software Foundation, Inc.
This is free software; see the source for copying conditions.  There is NO
warranty; not even for MERCHANTABILITY or FITNESS FOR A PARTICULAR PURPOSE.

configure:2505: $? = 0
configure:2512: gcc -v >&5
Using built-in specs.
COLLECT_GCC=gcc
COLLECT_LTO_WRAPPER=/usr/lib/gcc/arm-linux-gnueabihf/4.6/lto-wrapper
Target: arm-linux-gnueabihf
Configured with: ../src/configure -v --with-pkgversion='Debian 4.6.3-14+rpi1' --with-bugurl=file:///usr/share/doc/gcc-4.6/README.Bugs --enable-languages=c,c++,fortran,objc,obj-c++ --prefix=/usr --program-suffix=-4.6 --enable-shared --enable-linker-build-id --with-system-zlib --libexecdir=/usr/lib --without-included-gettext --enable-threads=posix --with-gxx-include-dir=/usr/include/c++/4.6 --libdir=/usr/lib --enable-nls --with-sysroot=/ --enable-clocale=gnu --enable-libstdcxx-debug --enable-libstdcxx-time=yes --enable-gnu-unique-object --enable-plugin --enable-objc-gc --disable-sjlj-exceptions --with-arch=armv6 --with-fpu=vfp --with-float=hard --enable-checking=release --build=arm-linux-gnueabihf --host=arm-linux-gnueabihf --target=arm-linux-gnueabihf
Thread model: posix
gcc version 4.6.3 (Debian 4.6.3-14+rpi1) 
configure:2515: $? = 0
configure:2522: gcc -V >&5
gcc: error: unrecognized option '-V'
gcc: fatal error: no input files
compilation terminated.
configure:2525: $? = 4
configure:2548: checking for C compiler default output file name
configure:2575: gcc    conftest.c  >&5
configure:2578: $? = 0
configure:2616: result: a.out
configure:2633: checking whether the C compiler works
configure:2643: ./a.out
configure:2646: $? = 0
configure:2663: result: yes
configure:2670: checking whether we are cross compiling
configure:2672: result: no
configure:2675: checking for suffix of executables
configure:2682: gcc -o conftest    conftest.c  >&5
configure:2685: $? = 0
configure:2709: result: 
configure:2715: checking for suffix of object files
configure:2741: gcc -c   conftest.c >&5
configure:2744: $? = 0
configure:2767: result: o
configure:2771: checking whether we are using the GNU C compiler
configure:2800: gcc -c   conftest.c >&5
configure:2806: $? = 0
configure:2823: result: yes
configure:2828: checking whether gcc accepts -g
configure:2858: gcc -c -g  conftest.c >&5
configure:2864: $? = 0
configure:2963: result: yes
configure:2980: checking for gcc option to accept ISO C89
configure:3054: gcc  -c   conftest.c >&5
configure:3060: $? = 0
configure:3083: result: none needed
configure:3159: checking for g++
configure:3175: found /usr/bin/g++
configure:3186: result: g++
configure:3217: checking for C++ compiler version
configure:3224: g++ --version >&5
g++ (Debian 4.6.3-14+rpi1) 4.6.3
Copyright (C) 2011 Free Software Foundation, Inc.
This is free software; see the source for copying conditions.  There is NO
warranty; not even for MERCHANTABILITY or FITNESS FOR A PARTICULAR PURPOSE.

configure:3227: $? = 0
configure:3234: g++ -v >&5
Using built-in specs.
COLLECT_GCC=g++
COLLECT_LTO_WRAPPER=/usr/lib/gcc/arm-linux-gnueabihf/4.6/lto-wrapper
Target: arm-linux-gnueabihf
Configured with: ../src/configure -v --with-pkgversion='Debian 4.6.3-14+rpi1' --with-bugurl=file:///usr/share/doc/gcc-4.6/README.Bugs --enable-languages=c,c++,fortran,objc,obj-c++ --prefix=/usr --program-suffix=-4.6 --enable-shared --enable-linker-build-id --with-system-zlib --libexecdir=/usr/lib --without-included-gettext --enable-threads=posix --with-gxx-include-dir=/usr/include/c++/4.6 --libdir=/usr/lib --enable-nls --with-sysroot=/ --enable-clocale=gnu --enable-libstdcxx-debug --enable-libstdcxx-time=yes --enable-gnu-unique-object --enable-plugin --enable-objc-gc --disable-sjlj-exceptions --with-arch=armv6 --with-fpu=vfp --with-float=hard --enable-checking=release --build=arm-linux-gnueabihf --host=arm-linux-gnueabihf --target=arm-linux-gnueabihf
Thread model: posix
gcc version 4.6.3 (Debian 4.6.3-14+rpi1) 
configure:3237: $? = 0
configure:3244: g++ -V >&5
g++: error: unrecognized option '-V'
g++: fatal error: no input files
compilation terminated.
configure:3247: $? = 4
configure:3250: checking whether we are using the GNU C++ compiler
configure:3279: g++ -c   conftest.cpp >&5
configure:3285: $? = 0
configure:3302: result: yes
configure:3307: checking whether g++ accepts -g
configure:3337: g++ -c -g  conftest.cpp >&5
configure:3343: $? = 0
configure:3442: result: yes
configure:3509: checking for a BSD-compatible install
configure:3565: result: /usr/bin/install -c
configure:3587: checking for nroff
configure:3605: found /usr/bin/nroff
configure:3617: result: /usr/bin/nroff
configure:3675: checking for htmldoc
configure:3708: result: no
configure:3715: checking for doxygen
configure:3748: result: no
configure:3797: checking for ranlib
configure:3813: found /usr/bin/ranlib
configure:3824: result: ranlib
configure:3896: checking for ar
configure:3914: found /usr/bin/ar
configure:3926: result: /usr/bin/ar
configure:4013: checking for windres
configure:4046: result: no
configure:4077: checking how to run the C preprocessor
configure:4117: gcc -E  conftest.c
configure:4123: $? = 0
configure:4154: gcc -E  conftest.c
conftest.c:8:28: fatal error: ac_nonexistent.h: No such file or directory
compilation terminated.
configure:4160: $? = 1
configure: failed program was:
| /* confdefs.h.  */
| #define PACKAGE_NAME ""
| #define PACKAGE_TARNAME ""
| #define PACKAGE_VERSION ""
| #define PACKAGE_STRING ""
| #define PACKAGE_BUGREPORT ""
| /* end confdefs.h.  */
| #include <ac_nonexistent.h>
configure:4193: result: gcc -E
configure:4222: gcc -E  conftest.c
configure:4228: $? = 0
configure:4259: gcc -E  conftest.c
conftest.c:8:28: fatal error: ac_nonexistent.h: No such file or directory
compilation terminated.
configure:4265: $? = 1
configure: failed program was:
| /* confdefs.h.  */
| #define PACKAGE_NAME ""
| #define PACKAGE_TARNAME ""
| #define PACKAGE_VERSION ""
| #define PACKAGE_STRING ""
| #define PACKAGE_BUGREPORT ""
| /* end confdefs.h.  */
| #include <ac_nonexistent.h>
configure:4303: checking for grep that handles long lines and -e
configure:4377: result: /bin/grep
configure:4382: checking for egrep
configure:4460: result: /bin/grep -E
configure:4465: checking for ANSI C header files
configure:4495: gcc -c   conftest.c >&5
configure:4501: $? = 0
configure:4600: gcc -o conftest    conftest.c  >&5
configure:4603: $? = 0
configure:4609: ./conftest
configure:4612: $? = 0
configure:4629: result: yes
configure:4653: checking for sys/types.h
configure:4674: gcc -c   conftest.c >&5
configure:4680: $? = 0
configure:4696: result: yes
configure:4653: checking for sys/stat.h
configure:4674: gcc -c   conftest.c >&5
configure:4680: $? = 0
configure:4696: result: yes
configure:4653: checking for stdlib.h
configure:4674: gcc -c   conftest.c >&5
configure:4680: $? = 0
configure:4696: result: yes
configure:4653: checking for string.h
configure:4674: gcc -c   conftest.c >&5
configure:4680: $? = 0
configure:4696: result: yes
configure:4653: checking for memory.h
configure:4674: gcc -c   conftest.c >&5
configure:4680: $? = 0
configure:4696: result: yes
configure:4653: checking for strings.h
configure:4674: gcc -c   conftest.c >&5
configure:4680: $? = 0
configure:4696: result: yes
configure:4653: checking for inttypes.h
configure:4674: gcc -c   conftest.c >&5
configure:4680: $? = 0
configure:4696: result: yes
configure:4653: checking for stdint.h
configure:4674: gcc -c   conftest.c >&5
configure:4680: $? = 0
configure:4696: result: yes
configure:4653: checking for unistd.h
configure:4674: gcc -c   conftest.c >&5
configure:4680: $? = 0
configure:4696: result: yes
configure:4708: checking whether byte ordering is bigendian
configure:4741: gcc -c   conftest.c >&5
configure:4747: $? = 0
configure:4779: gcc -c   conftest.c >&5
conftest.c: In function 'main':
conftest.c:25:2: error: unknown type name 'not'
conftest.c:25:10: error: expected '=', ',', ';', 'asm' or '__attribute__' before 'endian'
configure:4785: $? = 1
configure: failed program was:
| /* confdefs.h.  */
| #define PACKAGE_NAME ""
| #define PACKAGE_TARNAME ""
| #define PACKAGE_VERSION ""
| #define PACKAGE_STRING ""
| #define PACKAGE_BUGREPORT ""
| #define STDC_HEADERS 1
| #define HAVE_SYS_TYPES_H 1
| #define HAVE_SYS_STAT_H 1
| #define HAVE_STDLIB_H 1
| #define HAVE_STRING_H 1
| #define HAVE_MEMORY_H 1
| #define HAVE_STRINGS_H 1
| #define HAVE_INTTYPES_H 1
| #define HAVE_STDINT_H 1
| #define HAVE_UNISTD_H 1
| /* end confdefs.h.  */
| #include <sys/types.h>
| #include <sys/param.h>
| 
| int
| main ()
| {
| #if BYTE_ORDER != BIG_ENDIAN
|  not big endian
| #endif
| 
|   ;
|   return 0;
| }
configure:4925: result: no
configure:4946: checking for short
configure:4976: gcc -c   conftest.c >&5
configure:4982: $? = 0
configure:4997: result: yes
configure:5004: checking size of short
configure:5306: gcc -o conftest    conftest.c  >&5
configure:5309: $? = 0
configure:5315: ./conftest
configure:5318: $? = 0
configure:5341: result: 2
configure:5351: checking for int
configure:5381: gcc -c   conftest.c >&5
configure:5387: $? = 0
configure:5402: result: yes
configure:5409: checking size of int
configure:5711: gcc -o conftest    conftest.c  >&5
configure:5714: $? = 0
configure:5720: ./conftest
configure:5723: $? = 0
configure:5746: result: 4
configure:5756: checking for long
configure:5786: gcc -c   conftest.c >&5
configure:5792: $? = 0
configure:5807: result: yes
configure:5814: checking size of long
configure:6116: gcc -o conftest    conftest.c  >&5
configure:6119: $? = 0
configure:6125: ./conftest
configure:6128: $? = 0
configure:6151: result: 4
configure:6197: checking whether the compiler recognizes bool as a built-in type
configure:6238: g++ -c   conftest.cpp >&5
configure:6244: $? = 0
configure:6266: result: yes
configure:6281: checking for dirent.h that defines DIR
configure:6310: gcc -c   conftest.c >&5
configure:6316: $? = 0
configure:6332: result: yes
configure:6345: checking for library containing opendir
configure:6386: gcc -o conftest    conftest.c  >&5
configure:6392: $? = 0
configure:6420: result: none required
configure:6524: checking sys/select.h usability
configure:6541: gcc -c   conftest.c >&5
configure:6547: $? = 0
configure:6561: result: yes
configure:6565: checking sys/select.h presence
configure:6580: gcc -E  conftest.c
configure:6586: $? = 0
configure:6600: result: yes
configure:6628: checking for sys/select.h
configure:6635: result: yes
configure:6657: checking sys/stdtypes.h usability
configure:6674: gcc -c   conftest.c >&5
conftest.c:58:26: fatal error: sys/stdtypes.h: No such file or directory
compilation terminated.
configure:6680: $? = 1
configure: failed program was:
| /* confdefs.h.  */
| #define PACKAGE_NAME ""
| #define PACKAGE_TARNAME ""
| #define PACKAGE_VERSION ""
| #define PACKAGE_STRING ""
| #define PACKAGE_BUGREPORT ""
| #define STDC_HEADERS 1
| #define HAVE_SYS_TYPES_H 1
| #define HAVE_SYS_STAT_H 1
| #define HAVE_STDLIB_H 1
| #define HAVE_STRING_H 1
| #define HAVE_MEMORY_H 1
| #define HAVE_STRINGS_H 1
| #define HAVE_INTTYPES_H 1
| #define HAVE_STDINT_H 1
| #define HAVE_UNISTD_H 1
| #define SIZEOF_SHORT 2
| #define SIZEOF_INT 4
| #define SIZEOF_LONG 4
| #define U16 unsigned short
| #define U32 unsigned
| #define HAVE_DIRENT_H 1
| #define HAVE_SYS_SELECT_H 1
| /* end confdefs.h.  */
| #include <stdio.h>
| #ifdef HAVE_SYS_TYPES_H
| # include <sys/types.h>
| #endif
| #ifdef HAVE_SYS_STAT_H
| # include <sys/stat.h>
| #endif
| #ifdef STDC_HEADERS
| # include <stdlib.h>
| # include <stddef.h>
| #else
| # ifdef HAVE_STDLIB_H
| #  include <stdlib.h>
| # endif
| #endif
| #ifdef HAVE_STRING_H
| # if !defined STDC_HEADERS && defined HAVE_MEMORY_H
| #  include <memory.h>
| # endif
| # include <string.h>
| #endif
| #ifdef HAVE_STRINGS_H
| # include <strings.h>
| #endif
| #ifdef HAVE_INTTYPES_H
| # include <inttypes.h>
| #endif
| #ifdef HAVE_STDINT_H
| # include <stdint.h>
| #endif
| #ifdef HAVE_UNISTD_H
| # include <unistd.h>
| #endif
| #include <sys/stdtypes.h>
configure:6694: result: no
configure:6698: checking sys/stdtypes.h presence
configure:6713: gcc -E  conftest.c
conftest.c:25:26: fatal error: sys/stdtypes.h: No such file or directory
compilation terminated.
configure:6719: $? = 1
configure: failed program was:
| /* confdefs.h.  */
| #define PACKAGE_NAME ""
| #define PACKAGE_TARNAME ""
| #define PACKAGE_VERSION ""
| #define PACKAGE_STRING ""
| #define PACKAGE_BUGREPORT ""
| #define STDC_HEADERS 1
| #define HAVE_SYS_TYPES_H 1
| #define HAVE_SYS_STAT_H 1
| #define HAVE_STDLIB_H 1
| #define HAVE_STRING_H 1
| #define HAVE_MEMORY_H 1
| #define HAVE_STRINGS_H 1
| #define HAVE_INTTYPES_H 1
| #define HAVE_STDINT_H 1
| #define HAVE_UNISTD_H 1
| #define SIZEOF_SHORT 2
| #define SIZEOF_INT 4
| #define SIZEOF_LONG 4
| #define U16 unsigned short
| #define U32 unsigned
| #define HAVE_DIRENT_H 1
| #define HAVE_SYS_SELECT_H 1
| /* end confdefs.h.  */
| #include <sys/stdtypes.h>
configure:6733: result: no
configure:6761: checking for sys/stdtypes.h
configure:6768: result: no
configure:6781: checking whether we have the POSIX compatible scandir() prototype
configure:6821: g++ -c   conftest.cpp >&5
configure:6827: $? = 0
configure:6849: result: yes
configure:6957: checking for vsnprintf
configure:7013: gcc -o conftest    conftest.c  >&5
conftest.c:50:6: warning: conflicting types for built-in function 'vsnprintf' [enabled by default]
configure:7019: $? = 0
configure:7036: result: yes
configure:7074: checking for snprintf
configure:7130: gcc -o conftest    conftest.c  >&5
conftest.c:51:6: warning: conflicting types for built-in function 'snprintf' [enabled by default]
configure:7136: $? = 0
configure:7153: result: yes
configure:7192: checking for strings.h
configure:7197: result: yes
configure:7330: checking for strcasecmp
configure:7386: gcc -o conftest    conftest.c  >&5
conftest.c:53:6: warning: conflicting types for built-in function 'strcasecmp' [enabled by default]
configure:7392: $? = 0
configure:7410: result: yes
configure:7330: checking for strlcat
configure:7386: gcc -o conftest    conftest.c  >&5
/tmp/cc65mqnt.o: In function `main':
conftest.c:(.text+0x8): undefined reference to `strlcat'
collect2: ld returned 1 exit status
configure:7392: $? = 1
configure: failed program was:
| /* confdefs.h.  */
| #define PACKAGE_NAME ""
| #define PACKAGE_TARNAME ""
| #define PACKAGE_VERSION ""
| #define PACKAGE_STRING ""
| #define PACKAGE_BUGREPORT ""
| #define STDC_HEADERS 1
| #define HAVE_SYS_TYPES_H 1
| #define HAVE_SYS_STAT_H 1
| #define HAVE_STDLIB_H 1
| #define HAVE_STRING_H 1
| #define HAVE_MEMORY_H 1
| #define HAVE_STRINGS_H 1
| #define HAVE_INTTYPES_H 1
| #define HAVE_STDINT_H 1
| #define HAVE_UNISTD_H 1
| #define SIZEOF_SHORT 2
| #define SIZEOF_INT 4
| #define SIZEOF_LONG 4
| #define U16 unsigned short
| #define U32 unsigned
| #define HAVE_DIRENT_H 1
| #define HAVE_SYS_SELECT_H 1
| #define HAVE_SCANDIR 1
| #define HAVE_SCANDIR_POSIX 1
| #define HAVE_VSNPRINTF 1
| #define HAVE_SNPRINTF 1
| #define HAVE_STRINGS_H 1
| #define HAVE_STRCASECMP 1
| /* end confdefs.h.  */
| /* Define strlcat to an innocuous variant, in case <limits.h> declares strlcat.
|    For example, HP-UX 11i <limits.h> declares gettimeofday.  */
| #define strlcat innocuous_strlcat
| 
| /* System header to define __stub macros and hopefully few prototypes,
|     which can conflict with char strlcat (); below.
|     Prefer <limits.h> to <assert.h> if __STDC__ is defined, since
|     <limits.h> exists even on freestanding compilers.  */
| 
| #ifdef __STDC__
| # include <limits.h>
| #else
| # include <assert.h>
| #endif
| 
| #undef strlcat
| 
| /* Override any GCC internal prototype to avoid an error.
|    Use char because int might match the return type of a GCC
|    builtin and then its argument prototype would still apply.  */
| #ifdef __cplusplus
| extern "C"
| #endif
| char strlcat ();
| /* The GNU C library defines this for functions which it implements
|     to always fail with ENOSYS.  Some functions are actually named
|     something starting with __ and the normal name is an alias.  */
| #if defined __stub_strlcat || defined __stub___strlcat
| choke me
| #endif
| 
| int
| main ()
| {
| return strlcat ();
|   ;
|   return 0;
| }
configure:7410: result: no
configure:7330: checking for strlcpy
configure:7386: gcc -o conftest    conftest.c  >&5
/tmp/ccvMV4np.o: In function `main':
conftest.c:(.text+0x8): undefined reference to `strlcpy'
collect2: ld returned 1 exit status
configure:7392: $? = 1
configure: failed program was:
| /* confdefs.h.  */
| #define PACKAGE_NAME ""
| #define PACKAGE_TARNAME ""
| #define PACKAGE_VERSION ""
| #define PACKAGE_STRING ""
| #define PACKAGE_BUGREPORT ""
| #define STDC_HEADERS 1
| #define HAVE_SYS_TYPES_H 1
| #define HAVE_SYS_STAT_H 1
| #define HAVE_STDLIB_H 1
| #define HAVE_STRING_H 1
| #define HAVE_MEMORY_H 1
| #define HAVE_STRINGS_H 1
| #define HAVE_INTTYPES_H 1
| #define HAVE_STDINT_H 1
| #define HAVE_UNISTD_H 1
| #define SIZEOF_SHORT 2
| #define SIZEOF_INT 4
| #define SIZEOF_LONG 4
| #define U16 unsigned short
| #define U32 unsigned
| #define HAVE_DIRENT_H 1
| #define HAVE_SYS_SELECT_H 1
| #define HAVE_SCANDIR 1
| #define HAVE_SCANDIR_POSIX 1
| #define HAVE_VSNPRINTF 1
| #define HAVE_SNPRINTF 1
| #define HAVE_STRINGS_H 1
| #define HAVE_STRCASECMP 1
| /* end confdefs.h.  */
| /* Define strlcpy to an innocuous variant, in case <limits.h> declares strlcpy.
|    For example, HP-UX 11i <limits.h> declares gettimeofday.  */
| #define strlcpy innocuous_strlcpy
| 
| /* System header to define __stub macros and hopefully few prototypes,
|     which can conflict with char strlcpy (); below.
|     Prefer <limits.h> to <assert.h> if __STDC__ is defined, since
|     <limits.h> exists even on freestanding compilers.  */
| 
| #ifdef __STDC__
| # include <limits.h>
| #else
| # include <assert.h>
| #endif
| 
| #undef strlcpy
| 
| /* Override any GCC internal prototype to avoid an error.
|    Use char because int might match the return type of a GCC
|    builtin and then its argument prototype would still apply.  */
| #ifdef __cplusplus
| extern "C"
| #endif
| char strlcpy ();
| /* The GNU C library defines this for functions which it implements
|     to always fail with ENOSYS.  Some functions are actually named
|     something starting with __ and the normal name is an alias.  */
| #if defined __stub_strlcpy || defined __stub___strlcpy
| choke me
| #endif
| 
| int
| main ()
| {
| return strlcpy ();
|   ;
|   return 0;
| }
configure:7410: result: no
configure:7431: checking locale.h usability
configure:7448: gcc -c   conftest.c >&5
configure:7454: $? = 0
configure:7468: result: yes
configure:7472: checking locale.h presence
configure:7487: gcc -E  conftest.c
configure:7493: $? = 0
configure:7507: result: yes
configure:7535: checking for locale.h
configure:7542: result: yes
configure:7558: checking for localeconv
configure:7614: gcc -o conftest    conftest.c  >&5
configure:7620: $? = 0
configure:7638: result: yes
configure:7649: checking for library containing pow
configure:7690: gcc -o conftest    conftest.c  >&5
conftest.c:40:6: warning: conflicting types for built-in function 'pow' [enabled by default]
/tmp/ccZr1D4l.o: In function `main':
conftest.c:(.text+0x8): undefined reference to `pow'
collect2: ld returned 1 exit status
configure:7696: $? = 1
configure: failed program was:
| /* confdefs.h.  */
| #define PACKAGE_NAME ""
| #define PACKAGE_TARNAME ""
| #define PACKAGE_VERSION ""
| #define PACKAGE_STRING ""
| #define PACKAGE_BUGREPORT ""
| #define STDC_HEADERS 1
| #define HAVE_SYS_TYPES_H 1
| #define HAVE_SYS_STAT_H 1
| #define HAVE_STDLIB_H 1
| #define HAVE_STRING_H 1
| #define HAVE_MEMORY_H 1
| #define HAVE_STRINGS_H 1
| #define HAVE_INTTYPES_H 1
| #define HAVE_STDINT_H 1
| #define HAVE_UNISTD_H 1
| #define SIZEOF_SHORT 2
| #define SIZEOF_INT 4
| #define SIZEOF_LONG 4
| #define U16 unsigned short
| #define U32 unsigned
| #define HAVE_DIRENT_H 1
| #define HAVE_SYS_SELECT_H 1
| #define HAVE_SCANDIR 1
| #define HAVE_SCANDIR_POSIX 1
| #define HAVE_VSNPRINTF 1
| #define HAVE_SNPRINTF 1
| #define HAVE_STRINGS_H 1
| #define HAVE_STRCASECMP 1
| #define HAVE_LOCALE_H 1
| #define HAVE_LOCALECONV 1
| /* end confdefs.h.  */
| 
| /* Override any GCC internal prototype to avoid an error.
|    Use char because int might match the return type of a GCC
|    builtin and then its argument prototype would still apply.  */
| #ifdef __cplusplus
| extern "C"
| #endif
| char pow ();
| int
| main ()
| {
| return pow ();
|   ;
|   return 0;
| }
configure:7690: gcc -o conftest    conftest.c -lm   >&5
conftest.c:40:6: warning: conflicting types for built-in function 'pow' [enabled by default]
configure:7696: $? = 0
configure:7724: result: -lm
configure:7740: checking for special C compiler options needed for large files
configure:7833: result: no
configure:7839: checking for _FILE_OFFSET_BITS value needed for large files
configure:7874: gcc -c   conftest.c >&5
conftest.c:39:3: warning: left shift count >= width of type [enabled by default]
conftest.c:39:3: warning: left shift count >= width of type [enabled by default]
conftest.c:40:10: warning: left shift count >= width of type [enabled by default]
conftest.c:40:10: warning: left shift count >= width of type [enabled by default]
conftest.c:39:7: error: variably modified 'off_t_is_large' at file scope
configure:7880: $? = 1
configure: failed program was:
| /* confdefs.h.  */
| #define PACKAGE_NAME ""
| #define PACKAGE_TARNAME ""
| #define PACKAGE_VERSION ""
| #define PACKAGE_STRING ""
| #define PACKAGE_BUGREPORT ""
| #define STDC_HEADERS 1
| #define HAVE_SYS_TYPES_H 1
| #define HAVE_SYS_STAT_H 1
| #define HAVE_STDLIB_H 1
| #define HAVE_STRING_H 1
| #define HAVE_MEMORY_H 1
| #define HAVE_STRINGS_H 1
| #define HAVE_INTTYPES_H 1
| #define HAVE_STDINT_H 1
| #define HAVE_UNISTD_H 1
| #define SIZEOF_SHORT 2
| #define SIZEOF_INT 4
| #define SIZEOF_LONG 4
| #define U16 unsigned short
| #define U32 unsigned
| #define HAVE_DIRENT_H 1
| #define HAVE_SYS_SELECT_H 1
| #define HAVE_SCANDIR 1
| #define HAVE_SCANDIR_POSIX 1
| #define HAVE_VSNPRINTF 1
| #define HAVE_SNPRINTF 1
| #define HAVE_STRINGS_H 1
| #define HAVE_STRCASECMP 1
| #define HAVE_LOCALE_H 1
| #define HAVE_LOCALECONV 1
| /* end confdefs.h.  */
| #include <sys/types.h>
|  /* Check that off_t can represent 2**63 - 1 correctly.
|     We can't simply define LARGE_OFF_T to be 9223372036854775807,
|     since some C++ compilers masquerading as C compilers
|     incorrectly reject 9223372036854775807.  */
| #define LARGE_OFF_T (((off_t) 1 << 62) - 1 + ((off_t) 1 << 62))
|   int off_t_is_large[(LARGE_OFF_T % 2147483629 == 721
| 		       && LARGE_OFF_T % 2147483647 == 1)
| 		      ? 1 : -1];
| int
| main ()
| {
| 
|   ;
|   return 0;
| }
configure:7924: gcc -c   conftest.c >&5
configure:7930: $? = 0
configure:7948: result: 64
configure:8098: checking for long long int
configure:8149: result: yes
configure:8159: checking for strtoll
configure:8215: gcc -o conftest    conftest.c -lm  >&5
configure:8221: $? = 0
configure:8238: result: yes
configure:8248: checking for library containing dlsym
configure:8289: gcc -o conftest    conftest.c -lm  >&5
/tmp/ccBKmuRb.o: In function `main':
conftest.c:(.text+0x8): undefined reference to `dlsym'
collect2: ld returned 1 exit status
configure:8295: $? = 1
configure: failed program was:
| /* confdefs.h.  */
| #define PACKAGE_NAME ""
| #define PACKAGE_TARNAME ""
| #define PACKAGE_VERSION ""
| #define PACKAGE_STRING ""
| #define PACKAGE_BUGREPORT ""
| #define STDC_HEADERS 1
| #define HAVE_SYS_TYPES_H 1
| #define HAVE_SYS_STAT_H 1
| #define HAVE_STDLIB_H 1
| #define HAVE_STRING_H 1
| #define HAVE_MEMORY_H 1
| #define HAVE_STRINGS_H 1
| #define HAVE_INTTYPES_H 1
| #define HAVE_STDINT_H 1
| #define HAVE_UNISTD_H 1
| #define SIZEOF_SHORT 2
| #define SIZEOF_INT 4
| #define SIZEOF_LONG 4
| #define U16 unsigned short
| #define U32 unsigned
| #define HAVE_DIRENT_H 1
| #define HAVE_SYS_SELECT_H 1
| #define HAVE_SCANDIR 1
| #define HAVE_SCANDIR_POSIX 1
| #define HAVE_VSNPRINTF 1
| #define HAVE_SNPRINTF 1
| #define HAVE_STRINGS_H 1
| #define HAVE_STRCASECMP 1
| #define HAVE_LOCALE_H 1
| #define HAVE_LOCALECONV 1
| #define _FILE_OFFSET_BITS 64
| #define HAVE_LONG_LONG 1
| #define HAVE_STRTOLL 1
| /* end confdefs.h.  */
| 
| /* Override any GCC internal prototype to avoid an error.
|    Use char because int might match the return type of a GCC
|    builtin and then its argument prototype would still apply.  */
| #ifdef __cplusplus
| extern "C"
| #endif
| char dlsym ();
| int
| main ()
| {
| return dlsym ();
|   ;
|   return 0;
| }
configure:8289: gcc -o conftest    conftest.c -ldl  -lm  >&5
configure:8295: $? = 0
configure:8323: result: -ldl
configure:8344: checking dlfcn.h usability
configure:8361: gcc -c   conftest.c >&5
configure:8367: $? = 0
configure:8381: result: yes
configure:8385: checking dlfcn.h presence
configure:8400: gcc -E  conftest.c
configure:8406: $? = 0
configure:8420: result: yes
configure:8448: checking for dlfcn.h
configure:8455: result: yes
configure:8490: checking alsa/asoundlib.h usability
configure:8507: gcc -c   conftest.c >&5
configure:8513: $? = 0
configure:8527: result: yes
configure:8531: checking alsa/asoundlib.h presence
configure:8546: gcc -E  conftest.c
configure:8552: $? = 0
configure:8566: result: yes
configure:8594: checking for alsa/asoundlib.h
configure:8601: result: yes
configure:8638: checking for jpeg_CreateCompress in -ljpeg
configure:8673: gcc -o conftest    conftest.c -ljpeg  -ldl -lm  >&5
configure:8679: $? = 0
configure:8697: result: yes
configure:8710: checking jpeglib.h usability
configure:8727: gcc -c   conftest.c >&5
configure:8733: $? = 0
configure:8747: result: yes
configure:8751: checking jpeglib.h presence
configure:8766: gcc -E  conftest.c
configure:8772: $? = 0
configure:8786: result: yes
configure:8814: checking for jpeglib.h
configure:8821: result: yes
configure:8875: checking for gzgets in -lz
configure:8910: gcc -o conftest    conftest.c -lz  -ldl -lm  >&5
configure:8916: $? = 0
configure:8934: result: yes
configure:8947: checking zlib.h usability
configure:8964: gcc -c   conftest.c >&5
configure:8970: $? = 0
configure:8984: result: yes
configure:8988: checking zlib.h presence
configure:9003: gcc -E  conftest.c
configure:9009: $? = 0
configure:9023: result: yes
configure:9051: checking for zlib.h
configure:9058: result: yes
configure:9116: checking for png_read_info in -lpng
configure:9151: gcc -o conftest    conftest.c -lpng  -lz -ldl -lm  >&5
configure:9157: $? = 0
configure:9175: result: yes
configure:9188: checking png.h usability
configure:9205: gcc -c   conftest.c >&5
configure:9211: $? = 0
configure:9225: result: yes
configure:9229: checking png.h presence
configure:9244: gcc -E  conftest.c
configure:9250: $? = 0
configure:9264: result: yes
configure:9292: checking for png.h
configure:9299: result: yes
configure:9322: checking libpng/png.h usability
configure:9339: gcc -c   conftest.c >&5
configure:9345: $? = 0
configure:9359: result: yes
configure:9363: checking libpng/png.h presence
configure:9378: gcc -E  conftest.c
configure:9384: $? = 0
configure:9398: result: yes
configure:9426: checking for libpng/png.h
configure:9433: result: yes
configure:9489: checking for png_get_valid in -lpng
configure:9524: gcc -o conftest    conftest.c -lpng  -lz -ldl -lm  >&5
configure:9530: $? = 0
configure:9548: result: yes
configure:9557: checking for png_set_tRNS_to_alpha in -lpng
configure:9592: gcc -o conftest    conftest.c -lpng  -lz -ldl -lm  >&5
configure:9598: $? = 0
configure:9616: result: yes
configure:9666: checking pthread.h usability
configure:9683: gcc -c   conftest.c >&5
configure:9689: $? = 0
configure:9703: result: yes
configure:9707: checking pthread.h presence
configure:9722: gcc -E  conftest.c
configure:9728: $? = 0
configure:9742: result: yes
configure:9770: checking for pthread.h
configure:9777: result: yes
configure:9792: checking for pthread_create using -lpthreads
configure:9817: gcc -o conftest    conftest.c -lpthreads -ldl -lm  >&5
/usr/bin/ld: cannot find -lpthreads
collect2: ld returned 1 exit status
configure:9823: $? = 1
configure: failed program was:
| /* confdefs.h.  */
| #define PACKAGE_NAME ""
| #define PACKAGE_TARNAME ""
| #define PACKAGE_VERSION ""
| #define PACKAGE_STRING ""
| #define PACKAGE_BUGREPORT ""
| #define STDC_HEADERS 1
| #define HAVE_SYS_TYPES_H 1
| #define HAVE_SYS_STAT_H 1
| #define HAVE_STDLIB_H 1
| #define HAVE_STRING_H 1
| #define HAVE_MEMORY_H 1
| #define HAVE_STRINGS_H 1
| #define HAVE_INTTYPES_H 1
| #define HAVE_STDINT_H 1
| #define HAVE_UNISTD_H 1
| #define SIZEOF_SHORT 2
| #define SIZEOF_INT 4
| #define SIZEOF_LONG 4
| #define U16 unsigned short
| #define U32 unsigned
| #define HAVE_DIRENT_H 1
| #define HAVE_SYS_SELECT_H 1
| #define HAVE_SCANDIR 1
| #define HAVE_SCANDIR_POSIX 1
| #define HAVE_VSNPRINTF 1
| #define HAVE_SNPRINTF 1
| #define HAVE_STRINGS_H 1
| #define HAVE_STRCASECMP 1
| #define HAVE_LOCALE_H 1
| #define HAVE_LOCALECONV 1
| #define _FILE_OFFSET_BITS 64
| #define HAVE_LONG_LONG 1
| #define HAVE_STRTOLL 1
| #define HAVE_DLSYM 1
| #define HAVE_DLFCN_H 1
| #define HAVE_ALSA_ASOUNDLIB_H 1
| #define HAVE_LIBJPEG 1
| #define HAVE_LIBZ 1
| #define HAVE_PNG_H 1
| #define HAVE_LIBPNG_PNG_H 1
| #define HAVE_LIBPNG 1
| #define HAVE_PNG_GET_VALID 1
| #define HAVE_PNG_SET_TRNS_TO_ALPHA 1
| #define HAVE_PTHREAD_H 1
| /* end confdefs.h.  */
| #include <pthread.h>
| int
| main ()
| {
| pthread_create(0, 0, 0, 0);
|   ;
|   return 0;
| }
configure:9839: result: no
configure:9792: checking for pthread_create using -lpthread
configure:9817: gcc -o conftest    conftest.c -lpthread -ldl -lm  >&5
configure:9823: $? = 0
configure:9839: result: yes
configure:10240: checking for X
configure:10355: gcc -E  conftest.c
configure:10361: $? = 0
configure:10410: gcc -o conftest    conftest.c -lX11 -lpthread -ldl -lm  >&5
configure:10416: $? = 0
configure:10475: result: libraries , headers 
configure:10636: gcc -o conftest    conftest.c -lpthread -ldl -lm   -lX11 >&5
configure:10642: $? = 0
configure:10799: checking for gethostbyname
configure:10855: gcc -o conftest    conftest.c -lpthread -ldl -lm  >&5
configure:10861: $? = 0
configure:10878: result: yes
configure:11023: checking for connect
configure:11079: gcc -o conftest    conftest.c -lpthread -ldl -lm  >&5
configure:11085: $? = 0
configure:11102: result: yes
configure:11174: checking for remove
configure:11230: gcc -o conftest    conftest.c -lpthread -ldl -lm  >&5
configure:11236: $? = 0
configure:11253: result: yes
configure:11325: checking for shmat
configure:11381: gcc -o conftest    conftest.c -lpthread -ldl -lm  >&5
configure:11387: $? = 0
configure:11404: result: yes
configure:11485: checking for IceConnectionNumber in -lICE
configure:11520: gcc -o conftest    conftest.c -lICE  -lpthread -ldl -lm  >&5
configure:11526: $? = 0
configure:11544: result: yes
configure:11562: WARNING: Ignoring libraries " -lSM -lICE" requested by configure.
configure:11582: checking for library containing dlopen
configure:11623: gcc -o conftest      conftest.c -lpthread -ldl -lm  -lX11  >&5
configure:11629: $? = 0
configure:11657: result: none required
configure:11675: checking GL/gl.h usability
configure:11692: gcc -c    conftest.c >&5
configure:11698: $? = 0
configure:11712: result: yes
configure:11716: checking GL/gl.h presence
configure:11731: gcc -E  conftest.c
configure:11737: $? = 0
configure:11751: result: yes
configure:11779: checking for GL/gl.h
configure:11786: result: yes
configure:11791: checking for glXMakeCurrent in -lGL
configure:11826: gcc -o conftest      conftest.c -lGL -lm -lpthread -ldl -lm  -lX11  >&5
configure:11832: $? = 0
configure:11850: result: yes
configure:11928: checking for glXGetProcAddressARB in -lGL
configure:11963: gcc -o conftest      conftest.c -lGL -lm -lpthread -ldl -lm  -lX11  >&5
configure:11969: $? = 0
configure:11987: result: yes
configure:12010: checking GL/glu.h usability
configure:12027: gcc -c    conftest.c >&5
configure:12033: $? = 0
configure:12047: result: yes
configure:12051: checking GL/glu.h presence
configure:12066: gcc -E  conftest.c
configure:12072: $? = 0
configure:12086: result: yes
configure:12114: checking for GL/glu.h
configure:12121: result: yes
configure:12161: checking for XineramaIsActive in -lXinerama
configure:12196: gcc -o conftest      conftest.c -lXinerama  -lpthread -ldl -lm  -lX11  >&5
configure:12202: $? = 0
configure:12220: result: yes
configure:12241: checking for freetype-config
configure:12259: found /usr/bin/freetype-config
configure:12271: result: /usr/bin/freetype-config
configure:12285: checking for FcPatternCreate in -lfontconfig
configure:12320: gcc -o conftest   -I/usr/include/freetype2    conftest.c -lfontconfig  -lXinerama -lpthread -ldl -lm  -lX11  >&5
configure:12326: $? = 0
configure:12344: result: yes
configure:12365: checking X11/Xft/Xft.h usability
configure:12382: gcc -c   -I/usr/include/freetype2  conftest.c >&5
configure:12388: $? = 0
configure:12402: result: yes
configure:12406: checking X11/Xft/Xft.h presence
configure:12421: gcc -E -I/usr/include/freetype2  conftest.c
configure:12427: $? = 0
configure:12441: result: yes
configure:12469: checking for X11/Xft/Xft.h
configure:12476: result: yes
configure:12481: checking for XftDrawCreate in -lXft
configure:12516: gcc -o conftest   -I/usr/include/freetype2    conftest.c -lXft  -lfontconfig -lXinerama -lpthread -ldl -lm  -lX11  >&5
configure:12522: $? = 0
configure:12540: result: yes
configure:12563: checking for X11/extensions/Xdbe.h
configure:12584: gcc -c   -I/usr/include/freetype2  conftest.c >&5
configure:12590: $? = 0
configure:12605: result: yes
configure:12615: checking for XdbeQueryExtension in -lXext
configure:12650: gcc -o conftest   -I/usr/include/freetype2    conftest.c -lXext  -lXft -lfontconfig -lXinerama -lpthread -ldl -lm  -lX11  >&5
configure:12656: $? = 0
configure:12674: result: yes
configure:12684: checking for xprop
configure:12702: found /usr/bin/xprop
configure:12714: result: /usr/bin/xprop
configure:12722: checking for X overlay visuals
configure:12737: result: no
configure:12874: checking if GCC supports -fno-exceptions
configure:12899: gcc -c   -fno-exceptions -I/usr/include/freetype2  conftest.c >&5
configure:12905: $? = 0
configure:12911: result: yes
configure:12925: checking if GCC supports -fno-strict-aliasing
configure:12950: gcc -c   -fno-strict-aliasing -I/usr/include/freetype2  conftest.c >&5
configure:12956: $? = 0
configure:12962: result: yes
configure:13360: creating ./config.status

## ---------------------- ##
## Running config.status. ##
## ---------------------- ##

This file was extended by config.status, which was
generated by GNU Autoconf 2.61.  Invocation command line was

  CONFIG_FILES    = 
  CONFIG_HEADERS  = 
  CONFIG_LINKS    = 
  CONFIG_COMMANDS = 
  $ ./config.status 

on raspberrypi

config.status:680: creating makeinclude
config.status:680: creating fltk.list
config.status:680: creating fltk-config
config.status:680: creating fltk.spec
config.status:680: creating FL/Makefile
config.status:680: creating config.h

## ---------------- ##
## Cache variables. ##
## ---------------- ##

ac_cv_c_bigendian=no
ac_cv_c_compiler_gnu=yes
ac_cv_c_long_long=yes
ac_cv_cxx_bool=yes
ac_cv_cxx_compiler_gnu=yes
ac_cv_cxx_scandir_posix=yes
ac_cv_env_CCC_set=
ac_cv_env_CCC_value=
ac_cv_env_CC_set=
ac_cv_env_CC_value=
ac_cv_env_CFLAGS_set=
ac_cv_env_CFLAGS_value=
ac_cv_env_CPPFLAGS_set=
ac_cv_env_CPPFLAGS_value=
ac_cv_env_CPP_set=
ac_cv_env_CPP_value=
ac_cv_env_CXXFLAGS_set=
ac_cv_env_CXXFLAGS_value=
ac_cv_env_CXX_set=
ac_cv_env_CXX_value=
ac_cv_env_LDFLAGS_set=
ac_cv_env_LDFLAGS_value=
ac_cv_env_LIBS_set=
ac_cv_env_LIBS_value=
ac_cv_env_XMKMF_set=
ac_cv_env_XMKMF_value=
ac_cv_env_build_alias_set=
ac_cv_env_build_alias_value=
ac_cv_env_host_alias_set=
ac_cv_env_host_alias_value=
ac_cv_env_target_alias_set=
ac_cv_env_target_alias_value=
ac_cv_func_connect=yes
ac_cv_func_gethostbyname=yes
ac_cv_func_localeconv=yes
ac_cv_func_remove=yes
ac_cv_func_shmat=yes
ac_cv_func_snprintf=yes
ac_cv_func_strcasecmp=yes
ac_cv_func_strlcat=no
ac_cv_func_strlcpy=no
ac_cv_func_strtoll=yes
ac_cv_func_vsnprintf=yes
ac_cv_have_overlay=no
ac_cv_have_x='have_x=yes	ac_x_includes='\'''\''	ac_x_libraries='\'''\'''
ac_cv_header_GL_gl_h=yes
ac_cv_header_GL_glu_h=yes
ac_cv_header_X11_Xft_Xft_h=yes
ac_cv_header_X11_extensions_Xdbe_h=yes
ac_cv_header_alsa_asoundlib_h=yes
ac_cv_header_dirent_dirent_h=yes
ac_cv_header_dlfcn_h=yes
ac_cv_header_inttypes_h=yes
ac_cv_header_jpeglib_h=yes
ac_cv_header_libpng_png_h=yes
ac_cv_header_locale_h=yes
ac_cv_header_memory_h=yes
ac_cv_header_png_h=yes
ac_cv_header_pthread_h=yes
ac_cv_header_stdc=yes
ac_cv_header_stdint_h=yes
ac_cv_header_stdlib_h=yes
ac_cv_header_string_h=yes
ac_cv_header_strings_h=yes
ac_cv_header_sys_select_h=yes
ac_cv_header_sys_stat_h=yes
ac_cv_header_sys_stdtypes_h=no
ac_cv_header_sys_types_h=yes
ac_cv_header_unistd_h=yes
ac_cv_header_zlib_h=yes
ac_cv_lib_GL_glXGetProcAddressARB=yes
ac_cv_lib_GL_glXMakeCurrent=yes
ac_cv_lib_ICE_IceConnectionNumber=yes
ac_cv_lib_Xext_XdbeQueryExtension=yes
ac_cv_lib_Xft_XftDrawCreate=yes
ac_cv_lib_Xinerama_XineramaIsActive=yes
ac_cv_lib_fontconfig_FcPatternCreate=yes
ac_cv_lib_jpeg_jpeg_CreateCompress=yes
ac_cv_lib_png_png_get_valid=yes
ac_cv_lib_png_png_read_info=yes
ac_cv_lib_png_png_set_tRNS_to_alpha=yes
ac_cv_lib_z_gzgets=yes
ac_cv_objext=o
ac_cv_path_EGREP='/bin/grep -E'
ac_cv_path_FTCONFIG=/usr/bin/freetype-config
ac_cv_path_GREP=/bin/grep
ac_cv_path_NROFF=/usr/bin/nroff
ac_cv_path_XPROP=/usr/bin/xprop
ac_cv_path_ac_pt_AR=/usr/bin/ar
ac_cv_path_install='/usr/bin/install -c'
ac_cv_prog_CPP='gcc -E'
ac_cv_prog_ac_ct_CC=gcc
ac_cv_prog_ac_ct_CXX=g++
ac_cv_prog_ac_ct_RANLIB=ranlib
ac_cv_prog_cc_c89=
ac_cv_prog_cc_g=yes
ac_cv_prog_cxx_g=yes
ac_cv_search_dlopen='none required'
ac_cv_search_dlsym=-ldl
ac_cv_search_opendir='none required'
ac_cv_search_pow=-lm
ac_cv_sizeof_int=4
ac_cv_sizeof_long=4
ac_cv_sizeof_short=2
ac_cv_sys_file_offset_bits=64
ac_cv_sys_largefile_CC=no
ac_cv_type_int=yes
ac_cv_type_long=yes
ac_cv_type_short=yes

## ----------------- ##
## Output variables. ##
## ----------------- ##

AR='/usr/bin/ar'
ARCHFLAGS=''
AUDIOLIBS='-lasound'
CAIRODIR=''
CAIRODSONAME=''
CAIROFLAGS=''
CAIROLIBBASENAME='libfltk_cairo.a'
CAIROLIBNAME='../lib/libfltk_cairo.a'
CAIROLIBS=''
CAT1EXT='1'
CAT3EXT='3'
CAT6EXT='6'
CC='gcc'
CFLAGS=' '
CPP='gcc -E'
CPPFLAGS='-I/usr/include/freetype2 '
CXX='g++'
CXXFLAGS='-I/usr/include/freetype2  '
DEFS='-DHAVE_CONFIG_H'
DOXYDOC=''
DSOCOMMAND='echo'
DSOFLAGS=' '
DSOLINK=''
DSONAME=''
ECHO_C=''
ECHO_N='-n'
ECHO_T=''
EGREP='/bin/grep -E'
EXEEXT=''
FLDSONAME=''
FLLIBBASENAME='libfltk_forms.a'
FLLIBNAME='../lib/libfltk_forms.a'
FLTKCAIROOPTION=''
FLUID='fluid'
FL_API_VERSION='1.3'
FL_MAJOR_VERSION='1'
FL_MINOR_VERSION='3'
FL_PATCH_VERSION='0'
FTCONFIG='/usr/bin/freetype-config'
GLDEMOS='gldemos'
GLDSONAME=''
GLLIB='-lGLU -lGL'
GLLIBBASENAME='libfltk_gl.a'
GLLIBNAME='../lib/libfltk_gl.a'
GREP='/bin/grep'
GROFF=''
HLINKS='#'
HTMLDOC=''
IMAGELIBS='-lpng -lz -ljpeg '
IMGDSONAME=''
IMGLIBBASENAME='libfltk_images.a'
IMGLIBNAME='../lib/libfltk_images.a'
INSTALL_DATA='${INSTALL} -m 644'
INSTALL_DESKTOP='install-linux'
INSTALL_PROGRAM='${INSTALL}'
INSTALL_SCRIPT='${INSTALL}'
JPEG=''
JPEGINC=''
LARGEFILE='-D_LARGEFILE_SOURCE -D_LARGEFILE64_SOURCE -D_FILE_OFFSET_BITS=64'
LDFLAGS=' '
LIBBASENAME='libfltk.a'
LIBCOMMAND='/usr/bin/ar cr'
LIBEXT='.a'
LIBNAME='../lib/libfltk.a'
LIBOBJS=''
LIBS='-lXext -lXft -lfontconfig -lXinerama -lpthread -ldl -lm  -lX11 '
LINKFLTK='../lib/libfltk.a'
LINKFLTKCAIRO=''
LINKFLTKFORMS='../lib/libfltk_forms.a'
LINKFLTKGL='../lib/libfltk_gl.a'
LINKFLTKIMG='../lib/libfltk_images.a'
LINKSHARED=' ../lib/libfltk_images.a ../lib/libfltk_forms.a ../lib/libfltk.a'
LTLIBOBJS=''
MAKEDEPEND='$(CXX) -M'
NROFF='/usr/bin/nroff'
OBJEXT='o'
OPTIM=' -Os -Wall -Wunused -Wno-format-y2k  -fno-exceptions -fno-strict-aliasing'
OSX_ONLY=':'
PACKAGE_BUGREPORT=''
PACKAGE_NAME=''
PACKAGE_STRING=''
PACKAGE_TARNAME=''
PACKAGE_VERSION=''
PATH_SEPARATOR=':'
PNG=''
PNGINC=''
PTHREAD_FLAGS='-D_THREAD_SAFE -D_REENTRANT'
RANLIB='ranlib'
RC=''
SHAREDSUFFIX=''
SHELL='/bin/bash'
STATICIMAGELIBS='-lpng -lz -ljpeg '
THREADS='threads'
UNINSTALL_DESKTOP='uninstall-linux'
USEMMFILES='No'
XMKMF=''
XPROP='/usr/bin/xprop'
X_CFLAGS=''
X_EXTRA_LIBS=''
X_LIBS=''
X_PRE_LIBS=' -lSM -lICE'
ZLIB=''
ZLIBINC=''
ac_ct_CC='gcc'
ac_ct_CXX='g++'
bindir='${exec_prefix}/bin'
build_alias=''
datadir='${datarootdir}'
datarootdir='${prefix}/share'
docdir='${datarootdir}/doc/${PACKAGE}'
dvidir='${docdir}'
exec_prefix='${prefix}'
host_alias=''
htmldir='${docdir}'
includedir='${prefix}/include'
infodir='${datarootdir}/info'
libdir='${exec_prefix}/lib'
libexecdir='${exec_prefix}/libexec'
localedir='${datarootdir}/locale'
localstatedir='${prefix}/var'
mandir='${datarootdir}/man'
oldincludedir='/usr/include'
pdfdir='${docdir}'
prefix='/usr/local'
program_transform_name='s,x,x,'
psdir='${docdir}'
sbindir='${exec_prefix}/sbin'
sharedstatedir='${prefix}/com'
sysconfdir='${prefix}/etc'
target_alias=''

## ----------- ##
## confdefs.h. ##
## ----------- ##

#define PACKAGE_NAME ""
#define PACKAGE_TARNAME ""
#define PACKAGE_VERSION ""
#define PACKAGE_STRING ""
#define PACKAGE_BUGREPORT ""
#define STDC_HEADERS 1
#define HAVE_SYS_TYPES_H 1
#define HAVE_SYS_STAT_H 1
#define HAVE_STDLIB_H 1
#define HAVE_STRING_H 1
#define HAVE_MEMORY_H 1
#define HAVE_STRINGS_H 1
#define HAVE_INTTYPES_H 1
#define HAVE_STDINT_H 1
#define HAVE_UNISTD_H 1
#define SIZEOF_SHORT 2
#define SIZEOF_INT 4
#define SIZEOF_LONG 4
#define U16 unsigned short
#define U32 unsigned
#define HAVE_DIRENT_H 1
#define HAVE_SYS_SELECT_H 1
#define HAVE_SCANDIR 1
#define HAVE_SCANDIR_POSIX 1
#define HAVE_VSNPRINTF 1
#define HAVE_SNPRINTF 1
#define HAVE_STRINGS_H 1
#define HAVE_STRCASECMP 1
#define HAVE_LOCALE_H 1
#define HAVE_LOCALECONV 1
#define _FILE_OFFSET_BITS 64
#define HAVE_LONG_LONG 1
#define HAVE_STRTOLL 1
#define HAVE_DLSYM 1
#define HAVE_DLFCN_H 1
#define HAVE_ALSA_ASOUNDLIB_H 1
#define HAVE_LIBJPEG 1
#define HAVE_LIBZ 1
#define HAVE_PNG_H 1
#define HAVE_LIBPNG_PNG_H 1
#define HAVE_LIBPNG 1
#define HAVE_PNG_GET_VALID 1
#define HAVE_PNG_SET_TRNS_TO_ALPHA 1
#define HAVE_PTHREAD_H 1
#define HAVE_PTHREAD 1
#define HAVE_PTHREAD 1
#define USE_X11 1
#define HAVE_GL 1
#define HAVE_GLXGETPROCADDRESSARB 1
#define HAVE_GL_GLU_H 1
#define HAVE_XINERAMA 1
#define HAVE_LIBFONTCONFIG 1
#define USE_XFT 1
#define HAVE_XDBE 1
#define FLTK_DOCDIR "/usr/local/share/doc/fltk"
#define FLTK_DATADIR "/usr/local/share/fltk"

configure: exit 0
